# JRE version: OpenJDK Runtime Environment Temurin-21.0.6+7 (21.0.6+7) (build 21.0.6+7-LTS)
# Java VM: OpenJDK 64-Bit Server VM Temurin-21.0.6+7 (21.0.6+7-LTS, mixed mode, sharing, tiered, compressed oops, compressed class ptrs, parallel gc, windows-amd64)
GC Precious Log:
 CardTable entry size: 512
 CPUs: 4 total, 4 available
 Memory: 8024M
 Large Page Support: Disabled
 NUMA Support: Disabled
 Compressed Oops: Enabled (32-bit)
 Alignments: Space 512K, Generation 512K, Heap 2M
 Heap Min Capacity: 100M
 Heap Initial Capacity: 100M
 Heap Max Capacity: 1G
 Pre-touch: Disabled
 Parallel Workers: 4
Heap:
 PSYoungGen      total 13312K, used 1604K [0x00000000eab00000, 0x00000000ec500000, 0x0000000100000000)
  eden space 12288K, 6% used [0x00000000eab00000,0x00000000eabb9280,0x00000000eb700000)
  from space 1024K, 84% used [0x00000000ec400000,0x00000000ec4d8000,0x00000000ec500000)
  to   space 5632K, 0% used [0x00000000eba00000,0x00000000eba00000,0x00000000ebf80000)
 ParOldGen       total 560640K, used 516976K [0x00000000c0000000, 0x00000000e2380000, 0x00000000eab00000)
  object space 560640K, 92% used [0x00000000c0000000,0x00000000df8dc388,0x00000000e2380000)
 Metaspace       used 29872K, committed 30592K, reserved 1114112K
  class space    used 2867K, committed 3200K, reserved 1048576K
GC Heap History (20 events):
Event: 5722.619 GC heap before
{Heap before GC invocations=37200 (full 433):
 PSYoungGen      total 20480K, used 19238K [0x00000000eab00000, 0x00000000ed200000, 0x0000000100000000)
  eden space 10240K, 99% used [0x00000000eab00000,0x00000000eb4ffff8,0x00000000eb500000)
  from space 10240K, 87% used [0x00000000ec800000,0x00000000ed0c9bc8,0x00000000ed200000)
  to   space 14336K, 0% used [0x00000000eb780000,0x00000000eb780000,0x00000000ec580000)
 ParOldGen       total 699392K, used 699391K [0x00000000c0000000, 0x00000000eab00000, 0x00000000eab00000)
  object space 699392K, 99% used [0x00000000c0000000,0x00000000eaaffff0,0x00000000eab00000)
 Metaspace       used 29853K, committed 30592K, reserved 1114112K
  class space    used 2863K, committed 3200K, reserved 1048576K
}
Event: 5723.242 GC heap after
{Heap after GC invocations=37200 (full 433):
 PSYoungGen      total 20480K, used 19238K [0x00000000eab00000, 0x00000000ed200000, 0x0000000100000000)
  eden space 10240K, 99% used [0x00000000eab00000,0x00000000eb4ffff8,0x00000000eb500000)
  from space 10240K, 87% used [0x00000000ec800000,0x00000000ed0c9bc8,0x00000000ed200000)
  to   space 14336K, 0% used [0x00000000eb780000,0x00000000eb780000,0x00000000ec580000)
 ParOldGen       total 699392K, used 699391K [0x00000000c0000000, 0x00000000eab00000, 0x00000000eab00000)
  object space 699392K, 99% used [0x00000000c0000000,0x00000000eaafffd0,0x00000000eab00000)
 Metaspace       used 29853K, committed 30592K, reserved 1114112K
  class space    used 2863K, committed 3200K, reserved 1048576K
}
Event: 5723.243 GC heap before
{Heap before GC invocations=37201 (full 434):
 PSYoungGen      total 20480K, used 19238K [0x00000000eab00000, 0x00000000ed200000, 0x0000000100000000)
  eden space 10240K, 99% used [0x00000000eab00000,0x00000000eb4ffff8,0x00000000eb500000)
  from space 10240K, 87% used [0x00000000ec800000,0x00000000ed0c9bc8,0x00000000ed200000)
  to   space 14336K, 0% used [0x00000000eb780000,0x00000000eb780000,0x00000000ec580000)
 ParOldGen       total 699392K, used 699391K [0x00000000c0000000, 0x00000000eab00000, 0x00000000eab00000)
  object space 699392K, 99% used [0x00000000c0000000,0x00000000eaaffff0,0x00000000eab00000)
 Metaspace       used 29853K, committed 30592K, reserved 1114112K
  class space    used 2863K, committed 3200K, reserved 1048576K
}
Event: 5723.889 GC heap after
{Heap after GC invocations=37201 (full 434):
 PSYoungGen      total 20480K, used 19238K [0x00000000eab00000, 0x00000000ed200000, 0x0000000100000000)
  eden space 10240K, 99% used [0x00000000eab00000,0x00000000eb4ffff8,0x00000000eb500000)
  from space 10240K, 87% used [0x00000000ec800000,0x00000000ed0c9bc8,0x00000000ed200000)
  to   space 14336K, 0% used [0x00000000eb780000,0x00000000eb780000,0x00000000ec580000)
 ParOldGen       total 699392K, used 699391K [0x00000000c0000000, 0x00000000eab00000, 0x00000000eab00000)
  object space 699392K, 99% used [0x00000000c0000000,0x00000000eaafffd0,0x00000000eab00000)
 Metaspace       used 29853K, committed 30592K, reserved 1114112K
  class space    used 2863K, committed 3200K, reserved 1048576K
}
Event: 5723.890 GC heap before
{Heap before GC invocations=37202 (full 435):
 PSYoungGen      total 20480K, used 19238K [0x00000000eab00000, 0x00000000ed200000, 0x0000000100000000)
  eden space 10240K, 99% used [0x00000000eab00000,0x00000000eb4ffff8,0x00000000eb500000)
  from space 10240K, 87% used [0x00000000ec800000,0x00000000ed0c9bc8,0x00000000ed200000)
  to   space 14336K, 0% used [0x00000000eb780000,0x00000000eb780000,0x00000000ec580000)
 ParOldGen       total 699392K, used 699391K [0x00000000c0000000, 0x00000000eab00000, 0x00000000eab00000)
  object space 699392K, 99% used [0x00000000c0000000,0x00000000eaaffff0,0x00000000eab00000)
 Metaspace       used 29853K, committed 30592K, reserved 1114112K
  class space    used 2863K, committed 3200K, reserved 1048576K
}
Event: 5724.535 GC heap after
{Heap after GC invocations=37202 (full 435):
 PSYoungGen      total 20480K, used 19238K [0x00000000eab00000, 0x00000000ed200000, 0x0000000100000000)
  eden space 10240K, 99% used [0x00000000eab00000,0x00000000eb4ffff8,0x00000000eb500000)
  from space 10240K, 87% used [0x00000000ec800000,0x00000000ed0c9bc8,0x00000000ed200000)
  to   space 14336K, 0% used [0x00000000eb780000,0x00000000eb780000,0x00000000ec580000)
 ParOldGen       total 699392K, used 699391K [0x00000000c0000000, 0x00000000eab00000, 0x00000000eab00000)
  object space 699392K, 99% used [0x00000000c0000000,0x00000000eaafffd0,0x00000000eab00000)
 Metaspace       used 29853K, committed 30592K, reserved 1114112K
  class space    used 2863K, committed 3200K, reserved 1048576K
}
Event: 5724.542 GC heap before
{Heap before GC invocations=37203 (full 436):
 PSYoungGen      total 20480K, used 19238K [0x00000000eab00000, 0x00000000ed200000, 0x0000000100000000)
  eden space 10240K, 99% used [0x00000000eab00000,0x00000000eb4ffff8,0x00000000eb500000)
  from space 10240K, 87% used [0x00000000ec800000,0x00000000ed0c9bc8,0x00000000ed200000)
  to   space 14336K, 0% used [0x00000000eb780000,0x00000000eb780000,0x00000000ec580000)
 ParOldGen       total 699392K, used 699391K [0x00000000c0000000, 0x00000000eab00000, 0x00000000eab00000)
  object space 699392K, 99% used [0x00000000c0000000,0x00000000eaaffff0,0x00000000eab00000)
 Metaspace       used 29853K, committed 30592K, reserved 1114112K
  class space    used 2863K, committed 3200K, reserved 1048576K
}
Event: 5725.206 GC heap after
{Heap after GC invocations=37203 (full 436):
 PSYoungGen      total 20480K, used 19238K [0x00000000eab00000, 0x00000000ed200000, 0x0000000100000000)
  eden space 10240K, 99% used [0x00000000eab00000,0x00000000eb4ffff8,0x00000000eb500000)
  from space 10240K, 87% used [0x00000000ec800000,0x00000000ed0c9bc8,0x00000000ed200000)
  to   space 14336K, 0% used [0x00000000eb780000,0x00000000eb780000,0x00000000ec580000)
 ParOldGen       total 699392K, used 699391K [0x00000000c0000000, 0x00000000eab00000, 0x00000000eab00000)
  object space 699392K, 99% used [0x00000000c0000000,0x00000000eaaffff0,0x00000000eab00000)
 Metaspace       used 29853K, committed 30592K, reserved 1114112K
  class space    used 2863K, committed 3200K, reserved 1048576K
}
Event: 5725.206 GC heap before
{Heap before GC invocations=37204 (full 437):
 PSYoungGen      total 20480K, used 19238K [0x00000000eab00000, 0x00000000ed200000, 0x0000000100000000)
  eden space 10240K, 99% used [0x00000000eab00000,0x00000000eb4ffff8,0x00000000eb500000)
  from space 10240K, 87% used [0x00000000ec800000,0x00000000ed0c9bc8,0x00000000ed200000)
  to   space 14336K, 0% used [0x00000000eb780000,0x00000000eb780000,0x00000000ec580000)
 ParOldGen       total 699392K, used 699391K [0x00000000c0000000, 0x00000000eab00000, 0x00000000eab00000)
  object space 699392K, 99% used [0x00000000c0000000,0x00000000eaaffff0,0x00000000eab00000)
 Metaspace       used 29853K, committed 30592K, reserved 1114112K
  class space    used 2863K, committed 3200K, reserved 1048576K
}
Event: 5725.856 GC heap after
{Heap after GC invocations=37204 (full 437):
 PSYoungGen      total 20480K, used 19238K [0x00000000eab00000, 0x00000000ed200000, 0x0000000100000000)
  eden space 10240K, 99% used [0x00000000eab00000,0x00000000eb4ffff8,0x00000000eb500000)
  from space 10240K, 87% used [0x00000000ec800000,0x00000000ed0c9bc8,0x00000000ed200000)
  to   space 14336K, 0% used [0x00000000eb780000,0x00000000eb780000,0x00000000ec580000)
 ParOldGen       total 699392K, used 699391K [0x00000000c0000000, 0x00000000eab00000, 0x00000000eab00000)
  object space 699392K, 99% used [0x00000000c0000000,0x00000000eaaffff0,0x00000000eab00000)
 Metaspace       used 29853K, committed 30592K, reserved 1114112K
  class space    used 2863K, committed 3200K, reserved 1048576K
}
Event: 5725.856 GC heap before
{Heap before GC invocations=37205 (full 438):
 PSYoungGen      total 20480K, used 19238K [0x00000000eab00000, 0x00000000ed200000, 0x0000000100000000)
  eden space 10240K, 99% used [0x00000000eab00000,0x00000000eb4ffff8,0x00000000eb500000)
  from space 10240K, 87% used [0x00000000ec800000,0x00000000ed0c9bc8,0x00000000ed200000)
  to   space 14336K, 0% used [0x00000000eb780000,0x00000000eb780000,0x00000000ec580000)
 ParOldGen       total 699392K, used 699391K [0x00000000c0000000, 0x00000000eab00000, 0x00000000eab00000)
  object space 699392K, 99% used [0x00000000c0000000,0x00000000eaaffff0,0x00000000eab00000)
 Metaspace       used 29853K, committed 30592K, reserved 1114112K
  class space    used 2863K, committed 3200K, reserved 1048576K
}
Event: 5726.515 GC heap after
{Heap after GC invocations=37205 (full 438):
 PSYoungGen      total 20480K, used 19238K [0x00000000eab00000, 0x00000000ed200000, 0x0000000100000000)
  eden space 10240K, 99% used [0x00000000eab00000,0x00000000eb4ffff8,0x00000000eb500000)
  from space 10240K, 87% used [0x00000000ec800000,0x00000000ed0c9bc8,0x00000000ed200000)
  to   space 14336K, 0% used [0x00000000eb780000,0x00000000eb780000,0x00000000ec580000)
 ParOldGen       total 699392K, used 699391K [0x00000000c0000000, 0x00000000eab00000, 0x00000000eab00000)
  object space 699392K, 99% used [0x00000000c0000000,0x00000000eaaffff0,0x00000000eab00000)
 Metaspace       used 29853K, committed 30592K, reserved 1114112K
  class space    used 2863K, committed 3200K, reserved 1048576K
}
Event: 5726.515 GC heap before
{Heap before GC invocations=37206 (full 439):
 PSYoungGen      total 20480K, used 19238K [0x00000000eab00000, 0x00000000ed200000, 0x0000000100000000)
  eden space 10240K, 99% used [0x00000000eab00000,0x00000000eb4ffff8,0x00000000eb500000)
  from space 10240K, 87% used [0x00000000ec800000,0x00000000ed0c9bc8,0x00000000ed200000)
  to   space 14336K, 0% used [0x00000000eb780000,0x00000000eb780000,0x00000000ec580000)
 ParOldGen       total 699392K, used 699391K [0x00000000c0000000, 0x00000000eab00000, 0x00000000eab00000)
  object space 699392K, 99% used [0x00000000c0000000,0x00000000eaaffff0,0x00000000eab00000)
 Metaspace       used 29853K, committed 30592K, reserved 1114112K
  class space    used 2863K, committed 3200K, reserved 1048576K
}
Event: 5727.139 GC heap after
{Heap after GC invocations=37206 (full 439):
 PSYoungGen      total 20480K, used 19238K [0x00000000eab00000, 0x00000000ed200000, 0x0000000100000000)
  eden space 10240K, 99% used [0x00000000eab00000,0x00000000eb4ffff8,0x00000000eb500000)
  from space 10240K, 87% used [0x00000000ec800000,0x00000000ed0c9bc8,0x00000000ed200000)
  to   space 14336K, 0% used [0x00000000eb780000,0x00000000eb780000,0x00000000ec580000)
 ParOldGen       total 699392K, used 699391K [0x00000000c0000000, 0x00000000eab00000, 0x00000000eab00000)
  object space 699392K, 99% used [0x00000000c0000000,0x00000000eaaffff0,0x00000000eab00000)
 Metaspace       used 29853K, committed 30592K, reserved 1114112K
  class space    used 2863K, committed 3200K, reserved 1048576K
}
Event: 5727.140 GC heap before
{Heap before GC invocations=37207 (full 440):
 PSYoungGen      total 20480K, used 19238K [0x00000000eab00000, 0x00000000ed200000, 0x0000000100000000)
  eden space 10240K, 99% used [0x00000000eab00000,0x00000000eb4ffff8,0x00000000eb500000)
  from space 10240K, 87% used [0x00000000ec800000,0x00000000ed0c9bc8,0x00000000ed200000)
  to   space 14336K, 0% used [0x00000000eb780000,0x00000000eb780000,0x00000000ec580000)
 ParOldGen       total 699392K, used 699391K [0x00000000c0000000, 0x00000000eab00000, 0x00000000eab00000)
  object space 699392K, 99% used [0x00000000c0000000,0x00000000eaaffff0,0x00000000eab00000)
 Metaspace       used 29853K, committed 30592K, reserved 1114112K
  class space    used 2863K, committed 3200K, reserved 1048576K
}
Event: 5727.767 GC heap after
{Heap after GC invocations=37207 (full 440):
 PSYoungGen      total 20480K, used 19238K [0x00000000eab00000, 0x00000000ed200000, 0x0000000100000000)
  eden space 10240K, 99% used [0x00000000eab00000,0x00000000eb4ffff8,0x00000000eb500000)
  from space 10240K, 87% used [0x00000000ec800000,0x00000000ed0c9bc8,0x00000000ed200000)
  to   space 14336K, 0% used [0x00000000eb780000,0x00000000eb780000,0x00000000ec580000)
 ParOldGen       total 699392K, used 699391K [0x00000000c0000000, 0x00000000eab00000, 0x00000000eab00000)
  object space 699392K, 99% used [0x00000000c0000000,0x00000000eaaffff0,0x00000000eab00000)
 Metaspace       used 29853K, committed 30592K, reserved 1114112K
  class space    used 2863K, committed 3200K, reserved 1048576K
}
Event: 5727.767 GC heap before
{Heap before GC invocations=37208 (full 441):
 PSYoungGen      total 20480K, used 19238K [0x00000000eab00000, 0x00000000ed200000, 0x0000000100000000)
  eden space 10240K, 99% used [0x00000000eab00000,0x00000000eb4ffff8,0x00000000eb500000)
  from space 10240K, 87% used [0x00000000ec800000,0x00000000ed0c9bc8,0x00000000ed200000)
  to   space 14336K, 0% used [0x00000000eb780000,0x00000000eb780000,0x00000000ec580000)
 ParOldGen       total 699392K, used 699391K [0x00000000c0000000, 0x00000000eab00000, 0x00000000eab00000)
  object space 699392K, 99% used [0x00000000c0000000,0x00000000eaaffff0,0x00000000eab00000)
 Metaspace       used 29853K, committed 30592K, reserved 1114112K
  class space    used 2863K, committed 3200K, reserved 1048576K
}
Event: 5728.374 GC heap after
{Heap after GC invocations=37208 (full 441):
 PSYoungGen      total 20480K, used 19238K [0x00000000eab00000, 0x00000000ed200000, 0x0000000100000000)
  eden space 10240K, 99% used [0x00000000eab00000,0x00000000eb4ffff8,0x00000000eb500000)
  from space 10240K, 87% used [0x00000000ec800000,0x00000000ed0c9bc8,0x00000000ed200000)
  to   space 14336K, 0% used [0x00000000eb780000,0x00000000eb780000,0x00000000ec580000)
 ParOldGen       total 699392K, used 699391K [0x00000000c0000000, 0x00000000eab00000, 0x00000000eab00000)
  object space 699392K, 99% used [0x00000000c0000000,0x00000000eaaffff0,0x00000000eab00000)
 Metaspace       used 29853K, committed 30592K, reserved 1114112K
  class space    used 2863K, committed 3200K, reserved 1048576K
}
Event: 5728.377 GC heap before
{Heap before GC invocations=37209 (full 442):
 PSYoungGen      total 20480K, used 19238K [0x00000000eab00000, 0x00000000ed200000, 0x0000000100000000)
  eden space 10240K, 99% used [0x00000000eab00000,0x00000000eb4ffff8,0x00000000eb500000)
  from space 10240K, 87% used [0x00000000ec800000,0x00000000ed0c9bc8,0x00000000ed200000)
  to   space 14336K, 0% used [0x00000000eb780000,0x00000000eb780000,0x00000000ec580000)
 ParOldGen       total 699392K, used 699391K [0x00000000c0000000, 0x00000000eab00000, 0x00000000eab00000)
  object space 699392K, 99% used [0x00000000c0000000,0x00000000eaaffff0,0x00000000eab00000)
 Metaspace       used 29853K, committed 30592K, reserved 1114112K
  class space    used 2863K, committed 3200K, reserved 1048576K
}
Event: 5728.761 GC heap after
{Heap after GC invocations=37209 (full 442):
 PSYoungGen      total 11776K, used 0K [0x00000000eab00000, 0x00000000ed200000, 0x0000000100000000)
  eden space 11264K, 0% used [0x00000000eab00000,0x00000000eab00000,0x00000000eb600000)
  from space 512K, 0% used [0x00000000eb780000,0x00000000eb780000,0x00000000eb800000)
  to   space 14336K, 0% used [0x00000000ec400000,0x00000000ec400000,0x00000000ed200000)
 ParOldGen       total 560640K, used 516976K [0x00000000c0000000, 0x00000000e2380000, 0x00000000eab00000)
  object space 560640K, 92% used [0x00000000c0000000,0x00000000df8dc388,0x00000000e2380000)
 Metaspace       used 29853K, committed 30592K, reserved 1114112K
  class space    used 2863K, committed 3200K, reserved 1048576K
}

