# JRE version: OpenJDK Runtime Environment Temurin-21.0.6+7 (21.0.6+7) (build 21.0.6+7-LTS)
# Java VM: OpenJDK 64-Bit Server VM Temurin-21.0.6+7 (21.0.6+7-LTS, mixed mode, sharing, tiered, compressed oops, compressed class ptrs, parallel gc, windows-amd64)
GC Precious Log:
 CardTable entry size: 512
 CPUs: 4 total, 4 available
 Memory: 8024M
 Large Page Support: Disabled
 NUMA Support: Disabled
 Compressed Oops: Enabled (32-bit)
 Alignments: Space 512K, Generation 512K, Heap 2M
 Heap Min Capacity: 100M
 Heap Initial Capacity: 100M
 Heap Max Capacity: 1G
 Pre-touch: Disabled
 Parallel Workers: 4
Heap:
 PSYoungGen      total 4608K, used 1803K [0x00000000eab00000, 0x00000000eb180000, 0x0000000100000000)
  eden space 4096K, 31% used [0x00000000eab00000,0x00000000eac45b30,0x00000000eaf00000)
  from space 512K, 97% used [0x00000000eb000000,0x00000000eb07d220,0x00000000eb080000)
  to   space 1024K, 0% used [0x00000000eaf00000,0x00000000eaf00000,0x00000000eb000000)
 ParOldGen       total 263680K, used 261666K [0x00000000c0000000, 0x00000000d0180000, 0x00000000eab00000)
  object space 263680K, 99% used [0x00000000c0000000,0x00000000cff88af0,0x00000000d0180000)
 Metaspace       used 77867K, committed 79552K, reserved 1179648K
  class space    used 8085K, committed 8832K, reserved 1048576K
GC Heap History (20 events):
Event: 93.372 GC heap before
{Heap before GC invocations=1742 (full 4):
 PSYoungGen      total 5120K, used 4812K [0x00000000eab00000, 0x00000000eb080000, 0x0000000100000000)
  eden space 4608K, 100% used [0x00000000eab00000,0x00000000eaf80000,0x00000000eaf80000)
  from space 512K, 39% used [0x00000000eb000000,0x00000000eb033328,0x00000000eb080000)
  to   space 512K, 0% used [0x00000000eaf80000,0x00000000eaf80000,0x00000000eb000000)
 ParOldGen       total 263680K, used 260535K [0x00000000c0000000, 0x00000000d0180000, 0x00000000eab00000)
  object space 263680K, 98% used [0x00000000c0000000,0x00000000cfe6dd00,0x00000000d0180000)
 Metaspace       used 74657K, committed 76352K, reserved 1179648K
  class space    used 7666K, committed 8448K, reserved 1048576K
}
Event: 93.373 GC heap after
{Heap after GC invocations=1742 (full 4):
 PSYoungGen      total 5120K, used 192K [0x00000000eab00000, 0x00000000eb080000, 0x0000000100000000)
  eden space 4608K, 0% used [0x00000000eab00000,0x00000000eab00000,0x00000000eaf80000)
  from space 512K, 37% used [0x00000000eaf80000,0x00000000eafb0000,0x00000000eb000000)
  to   space 512K, 0% used [0x00000000eb000000,0x00000000eb000000,0x00000000eb080000)
 ParOldGen       total 263680K, used 260567K [0x00000000c0000000, 0x00000000d0180000, 0x00000000eab00000)
  object space 263680K, 98% used [0x00000000c0000000,0x00000000cfe75d00,0x00000000d0180000)
 Metaspace       used 74657K, committed 76352K, reserved 1179648K
  class space    used 7666K, committed 8448K, reserved 1048576K
}
Event: 93.446 GC heap before
{Heap before GC invocations=1743 (full 4):
 PSYoungGen      total 5120K, used 4800K [0x00000000eab00000, 0x00000000eb080000, 0x0000000100000000)
  eden space 4608K, 100% used [0x00000000eab00000,0x00000000eaf80000,0x00000000eaf80000)
  from space 512K, 37% used [0x00000000eaf80000,0x00000000eafb0000,0x00000000eb000000)
  to   space 512K, 0% used [0x00000000eb000000,0x00000000eb000000,0x00000000eb080000)
 ParOldGen       total 263680K, used 260567K [0x00000000c0000000, 0x00000000d0180000, 0x00000000eab00000)
  object space 263680K, 98% used [0x00000000c0000000,0x00000000cfe75d00,0x00000000d0180000)
 Metaspace       used 75391K, committed 77056K, reserved 1179648K
  class space    used 7732K, committed 8512K, reserved 1048576K
}
Event: 93.448 GC heap after
{Heap after GC invocations=1743 (full 4):
 PSYoungGen      total 5120K, used 305K [0x00000000eab00000, 0x00000000eb080000, 0x0000000100000000)
  eden space 4608K, 0% used [0x00000000eab00000,0x00000000eab00000,0x00000000eaf80000)
  from space 512K, 59% used [0x00000000eb000000,0x00000000eb04c500,0x00000000eb080000)
  to   space 512K, 0% used [0x00000000eaf80000,0x00000000eaf80000,0x00000000eb000000)
 ParOldGen       total 263680K, used 260655K [0x00000000c0000000, 0x00000000d0180000, 0x00000000eab00000)
  object space 263680K, 98% used [0x00000000c0000000,0x00000000cfe8bd00,0x00000000d0180000)
 Metaspace       used 75391K, committed 77056K, reserved 1179648K
  class space    used 7732K, committed 8512K, reserved 1048576K
}
Event: 93.489 GC heap before
{Heap before GC invocations=1744 (full 4):
 PSYoungGen      total 5120K, used 4879K [0x00000000eab00000, 0x00000000eb080000, 0x0000000100000000)
  eden space 4608K, 99% used [0x00000000eab00000,0x00000000eaf77728,0x00000000eaf80000)
  from space 512K, 59% used [0x00000000eb000000,0x00000000eb04c500,0x00000000eb080000)
  to   space 512K, 0% used [0x00000000eaf80000,0x00000000eaf80000,0x00000000eb000000)
 ParOldGen       total 263680K, used 260655K [0x00000000c0000000, 0x00000000d0180000, 0x00000000eab00000)
  object space 263680K, 98% used [0x00000000c0000000,0x00000000cfe8bd00,0x00000000d0180000)
 Metaspace       used 75900K, committed 77568K, reserved 1179648K
  class space    used 7797K, committed 8576K, reserved 1048576K
}
Event: 93.490 GC heap after
{Heap after GC invocations=1744 (full 4):
 PSYoungGen      total 5120K, used 188K [0x00000000eab00000, 0x00000000eb080000, 0x0000000100000000)
  eden space 4608K, 0% used [0x00000000eab00000,0x00000000eab00000,0x00000000eaf80000)
  from space 512K, 36% used [0x00000000eaf80000,0x00000000eafaf220,0x00000000eb000000)
  to   space 512K, 0% used [0x00000000eb000000,0x00000000eb000000,0x00000000eb080000)
 ParOldGen       total 263680K, used 260854K [0x00000000c0000000, 0x00000000d0180000, 0x00000000eab00000)
  object space 263680K, 98% used [0x00000000c0000000,0x00000000cfebd800,0x00000000d0180000)
 Metaspace       used 75900K, committed 77568K, reserved 1179648K
  class space    used 7797K, committed 8576K, reserved 1048576K
}
Event: 93.543 GC heap before
{Heap before GC invocations=1745 (full 4):
 PSYoungGen      total 5120K, used 4796K [0x00000000eab00000, 0x00000000eb080000, 0x0000000100000000)
  eden space 4608K, 100% used [0x00000000eab00000,0x00000000eaf80000,0x00000000eaf80000)
  from space 512K, 36% used [0x00000000eaf80000,0x00000000eafaf220,0x00000000eb000000)
  to   space 512K, 0% used [0x00000000eb000000,0x00000000eb000000,0x00000000eb080000)
 ParOldGen       total 263680K, used 260854K [0x00000000c0000000, 0x00000000d0180000, 0x00000000eab00000)
  object space 263680K, 98% used [0x00000000c0000000,0x00000000cfebd800,0x00000000d0180000)
 Metaspace       used 76395K, committed 78016K, reserved 1179648K
  class space    used 7886K, committed 8640K, reserved 1048576K
}
Event: 93.544 GC heap after
{Heap after GC invocations=1745 (full 4):
 PSYoungGen      total 5120K, used 208K [0x00000000eab00000, 0x00000000eb080000, 0x0000000100000000)
  eden space 4608K, 0% used [0x00000000eab00000,0x00000000eab00000,0x00000000eaf80000)
  from space 512K, 40% used [0x00000000eb000000,0x00000000eb034010,0x00000000eb080000)
  to   space 512K, 0% used [0x00000000eaf80000,0x00000000eaf80000,0x00000000eb000000)
 ParOldGen       total 263680K, used 260910K [0x00000000c0000000, 0x00000000d0180000, 0x00000000eab00000)
  object space 263680K, 98% used [0x00000000c0000000,0x00000000cfecb800,0x00000000d0180000)
 Metaspace       used 76395K, committed 78016K, reserved 1179648K
  class space    used 7886K, committed 8640K, reserved 1048576K
}
Event: 93.588 GC heap before
{Heap before GC invocations=1746 (full 4):
 PSYoungGen      total 5120K, used 4816K [0x00000000eab00000, 0x00000000eb080000, 0x0000000100000000)
  eden space 4608K, 100% used [0x00000000eab00000,0x00000000eaf80000,0x00000000eaf80000)
  from space 512K, 40% used [0x00000000eb000000,0x00000000eb034010,0x00000000eb080000)
  to   space 512K, 0% used [0x00000000eaf80000,0x00000000eaf80000,0x00000000eb000000)
 ParOldGen       total 263680K, used 260910K [0x00000000c0000000, 0x00000000d0180000, 0x00000000eab00000)
  object space 263680K, 98% used [0x00000000c0000000,0x00000000cfecb800,0x00000000d0180000)
 Metaspace       used 76827K, committed 78528K, reserved 1179648K
  class space    used 7978K, committed 8768K, reserved 1048576K
}
Event: 93.589 GC heap after
{Heap after GC invocations=1746 (full 4):
 PSYoungGen      total 5120K, used 160K [0x00000000eab00000, 0x00000000eb080000, 0x0000000100000000)
  eden space 4608K, 0% used [0x00000000eab00000,0x00000000eab00000,0x00000000eaf80000)
  from space 512K, 31% used [0x00000000eaf80000,0x00000000eafa8000,0x00000000eb000000)
  to   space 512K, 0% used [0x00000000eb000000,0x00000000eb000000,0x00000000eb080000)
 ParOldGen       total 263680K, used 261022K [0x00000000c0000000, 0x00000000d0180000, 0x00000000eab00000)
  object space 263680K, 98% used [0x00000000c0000000,0x00000000cfee7830,0x00000000d0180000)
 Metaspace       used 76827K, committed 78528K, reserved 1179648K
  class space    used 7978K, committed 8768K, reserved 1048576K
}
Event: 94.642 GC heap before
{Heap before GC invocations=1747 (full 4):
 PSYoungGen      total 5120K, used 4752K [0x00000000eab00000, 0x00000000eb080000, 0x0000000100000000)
  eden space 4608K, 99% used [0x00000000eab00000,0x00000000eaf7c2d0,0x00000000eaf80000)
  from space 512K, 31% used [0x00000000eaf80000,0x00000000eafa8000,0x00000000eb000000)
  to   space 512K, 0% used [0x00000000eb000000,0x00000000eb000000,0x00000000eb080000)
 ParOldGen       total 263680K, used 261022K [0x00000000c0000000, 0x00000000d0180000, 0x00000000eab00000)
  object space 263680K, 98% used [0x00000000c0000000,0x00000000cfee7830,0x00000000d0180000)
 Metaspace       used 77436K, committed 79168K, reserved 1179648K
  class space    used 8043K, committed 8832K, reserved 1048576K
}
Event: 94.643 GC heap after
{Heap after GC invocations=1747 (full 4):
 PSYoungGen      total 5120K, used 256K [0x00000000eab00000, 0x00000000eb080000, 0x0000000100000000)
  eden space 4608K, 0% used [0x00000000eab00000,0x00000000eab00000,0x00000000eaf80000)
  from space 512K, 50% used [0x00000000eb000000,0x00000000eb040000,0x00000000eb080000)
  to   space 512K, 0% used [0x00000000eaf80000,0x00000000eaf80000,0x00000000eb000000)
 ParOldGen       total 263680K, used 261102K [0x00000000c0000000, 0x00000000d0180000, 0x00000000eab00000)
  object space 263680K, 99% used [0x00000000c0000000,0x00000000cfefb830,0x00000000d0180000)
 Metaspace       used 77436K, committed 79168K, reserved 1179648K
  class space    used 8043K, committed 8832K, reserved 1048576K
}
Event: 2246.659 GC heap before
{Heap before GC invocations=1748 (full 4):
 PSYoungGen      total 5120K, used 4864K [0x00000000eab00000, 0x00000000eb080000, 0x0000000100000000)
  eden space 4608K, 100% used [0x00000000eab00000,0x00000000eaf80000,0x00000000eaf80000)
  from space 512K, 50% used [0x00000000eb000000,0x00000000eb040000,0x00000000eb080000)
  to   space 512K, 0% used [0x00000000eaf80000,0x00000000eaf80000,0x00000000eb000000)
 ParOldGen       total 263680K, used 261102K [0x00000000c0000000, 0x00000000d0180000, 0x00000000eab00000)
  object space 263680K, 99% used [0x00000000c0000000,0x00000000cfefb830,0x00000000d0180000)
 Metaspace       used 77818K, committed 79488K, reserved 1179648K
  class space    used 8085K, committed 8832K, reserved 1048576K
}
Event: 2247.151 GC heap after
{Heap after GC invocations=1748 (full 4):
 PSYoungGen      total 5120K, used 336K [0x00000000eab00000, 0x00000000eb080000, 0x0000000100000000)
  eden space 4608K, 0% used [0x00000000eab00000,0x00000000eab00000,0x00000000eaf80000)
  from space 512K, 65% used [0x00000000eaf80000,0x00000000eafd4030,0x00000000eb000000)
  to   space 512K, 0% used [0x00000000eb000000,0x00000000eb000000,0x00000000eb080000)
 ParOldGen       total 263680K, used 261278K [0x00000000c0000000, 0x00000000d0180000, 0x00000000eab00000)
  object space 263680K, 99% used [0x00000000c0000000,0x00000000cff27840,0x00000000d0180000)
 Metaspace       used 77818K, committed 79488K, reserved 1179648K
  class space    used 8085K, committed 8832K, reserved 1048576K
}
Event: 3038.562 GC heap before
{Heap before GC invocations=1749 (full 4):
 PSYoungGen      total 5120K, used 4944K [0x00000000eab00000, 0x00000000eb080000, 0x0000000100000000)
  eden space 4608K, 100% used [0x00000000eab00000,0x00000000eaf80000,0x00000000eaf80000)
  from space 512K, 65% used [0x00000000eaf80000,0x00000000eafd4030,0x00000000eb000000)
  to   space 512K, 0% used [0x00000000eb000000,0x00000000eb000000,0x00000000eb080000)
 ParOldGen       total 263680K, used 261278K [0x00000000c0000000, 0x00000000d0180000, 0x00000000eab00000)
  object space 263680K, 99% used [0x00000000c0000000,0x00000000cff27840,0x00000000d0180000)
 Metaspace       used 77832K, committed 79488K, reserved 1179648K
  class space    used 8085K, committed 8832K, reserved 1048576K
}
Event: 3038.567 GC heap after
{Heap after GC invocations=1749 (full 4):
 PSYoungGen      total 5120K, used 64K [0x00000000eab00000, 0x00000000eb080000, 0x0000000100000000)
  eden space 4608K, 0% used [0x00000000eab00000,0x00000000eab00000,0x00000000eaf80000)
  from space 512K, 12% used [0x00000000eb000000,0x00000000eb010000,0x00000000eb080000)
  to   space 512K, 0% used [0x00000000eaf80000,0x00000000eaf80000,0x00000000eb000000)
 ParOldGen       total 263680K, used 261430K [0x00000000c0000000, 0x00000000d0180000, 0x00000000eab00000)
  object space 263680K, 99% used [0x00000000c0000000,0x00000000cff4d840,0x00000000d0180000)
 Metaspace       used 77832K, committed 79488K, reserved 1179648K
  class space    used 8085K, committed 8832K, reserved 1048576K
}
Event: 3475.337 GC heap before
{Heap before GC invocations=1750 (full 4):
 PSYoungGen      total 5120K, used 4672K [0x00000000eab00000, 0x00000000eb080000, 0x0000000100000000)
  eden space 4608K, 100% used [0x00000000eab00000,0x00000000eaf80000,0x00000000eaf80000)
  from space 512K, 12% used [0x00000000eb000000,0x00000000eb010000,0x00000000eb080000)
  to   space 512K, 0% used [0x00000000eaf80000,0x00000000eaf80000,0x00000000eb000000)
 ParOldGen       total 263680K, used 261430K [0x00000000c0000000, 0x00000000d0180000, 0x00000000eab00000)
  object space 263680K, 99% used [0x00000000c0000000,0x00000000cff4d840,0x00000000d0180000)
 Metaspace       used 77845K, committed 79488K, reserved 1179648K
  class space    used 8085K, committed 8832K, reserved 1048576K
}
Event: 3475.344 GC heap after
{Heap after GC invocations=1750 (full 4):
 PSYoungGen      total 5120K, used 288K [0x00000000eab00000, 0x00000000eb080000, 0x0000000100000000)
  eden space 4608K, 0% used [0x00000000eab00000,0x00000000eab00000,0x00000000eaf80000)
  from space 512K, 56% used [0x00000000eaf80000,0x00000000eafc8020,0x00000000eb000000)
  to   space 512K, 0% used [0x00000000eb000000,0x00000000eb000000,0x00000000eb080000)
 ParOldGen       total 263680K, used 261454K [0x00000000c0000000, 0x00000000d0180000, 0x00000000eab00000)
  object space 263680K, 99% used [0x00000000c0000000,0x00000000cff53840,0x00000000d0180000)
 Metaspace       used 77845K, committed 79488K, reserved 1179648K
  class space    used 8085K, committed 8832K, reserved 1048576K
}
Event: 4572.230 GC heap before
{Heap before GC invocations=1751 (full 4):
 PSYoungGen      total 5120K, used 4896K [0x00000000eab00000, 0x00000000eb080000, 0x0000000100000000)
  eden space 4608K, 100% used [0x00000000eab00000,0x00000000eaf80000,0x00000000eaf80000)
  from space 512K, 56% used [0x00000000eaf80000,0x00000000eafc8020,0x00000000eb000000)
  to   space 512K, 0% used [0x00000000eb000000,0x00000000eb000000,0x00000000eb080000)
 ParOldGen       total 263680K, used 261454K [0x00000000c0000000, 0x00000000d0180000, 0x00000000eab00000)
  object space 263680K, 99% used [0x00000000c0000000,0x00000000cff53840,0x00000000d0180000)
 Metaspace       used 77867K, committed 79552K, reserved 1179648K
  class space    used 8085K, committed 8832K, reserved 1048576K
}
Event: 4572.243 GC heap after
{Heap after GC invocations=1751 (full 4):
 PSYoungGen      total 4608K, used 500K [0x00000000eab00000, 0x00000000eb180000, 0x0000000100000000)
  eden space 4096K, 0% used [0x00000000eab00000,0x00000000eab00000,0x00000000eaf00000)
  from space 512K, 97% used [0x00000000eb000000,0x00000000eb07d220,0x00000000eb080000)
  to   space 1024K, 0% used [0x00000000eaf00000,0x00000000eaf00000,0x00000000eb000000)
 ParOldGen       total 263680K, used 261666K [0x00000000c0000000, 0x00000000d0180000, 0x00000000eab00000)
  object space 263680K, 99% used [0x00000000c0000000,0x00000000cff88af0,0x00000000d0180000)
 Metaspace       used 77867K, committed 79552K, reserved 1179648K
  class space    used 8085K, committed 8832K, reserved 1048576K
}

